2023-04-01 15:54:12 [ip] ::1 [text] buscar apertura cierre
2023-04-01 15:54:12 [ip] ::1 [text] select apertura: SELECT * FROM `aper_cie` WHERE cod_usu=1 and fecha_cie is null
2023-04-01 15:54:12 [ip] ::1 [text] SQL PermisosMenu:SELECT item.url
    ,item.descripccion as item
    FROM permisomenu per
    INNER JOIN menuitem item on item.id=per.idorden
    INNER JOIN menu menu on menu.id=item.id_menu
    where per.cod_perfil_usu='1' and menu.id='1' and per.estado=1
2023-04-01 15:54:12 [ip] ::1 [text] SQL PermisosMenu:SELECT item.url
    ,item.descripccion as item
    FROM permisomenu per
    INNER JOIN menuitem item on item.id=per.idorden
    INNER JOIN menu menu on menu.id=item.id_menu
    where per.cod_perfil_usu='1' and menu.id='3' and per.estado=1
2023-04-01 15:54:12 [ip] ::1 [text] SQL PermisosMenu:SELECT item.url
    ,item.descripccion as item
    FROM permisomenu per
    INNER JOIN menuitem item on item.id=per.idorden
    INNER JOIN menu menu on menu.id=item.id_menu
    where per.cod_perfil_usu='1' and menu.id='4' and per.estado=1
2023-04-01 15:54:13 [ip] ::1 [text] buscar apertura cierre
2023-04-01 15:54:13 [ip] ::1 [text] select apertura: SELECT * FROM `aper_cie` WHERE cod_usu=1 and fecha_cie is null
2023-04-01 15:54:13 [ip] ::1 [text] SQL PermisosMenu:SELECT item.url
    ,item.descripccion as item
    FROM permisomenu per
    INNER JOIN menuitem item on item.id=per.idorden
    INNER JOIN menu menu on menu.id=item.id_menu
    where per.cod_perfil_usu='1' and menu.id='1' and per.estado=1
2023-04-01 15:54:13 [ip] ::1 [text] SQL PermisosMenu:SELECT item.url
    ,item.descripccion as item
    FROM permisomenu per
    INNER JOIN menuitem item on item.id=per.idorden
    INNER JOIN menu menu on menu.id=item.id_menu
    where per.cod_perfil_usu='1' and menu.id='3' and per.estado=1
2023-04-01 15:54:13 [ip] ::1 [text] SQL PermisosMenu:SELECT item.url
    ,item.descripccion as item
    FROM permisomenu per
    INNER JOIN menuitem item on item.id=per.idorden
    INNER JOIN menu menu on menu.id=item.id_menu
    where per.cod_perfil_usu='1' and menu.id='4' and per.estado=1
2023-04-01 15:54:16 [ip] ::1 [text] buscar apertura cierre
2023-04-01 15:54:16 [ip] ::1 [text] select apertura: SELECT * FROM `aper_cie` WHERE cod_usu=1 and fecha_cie is null
2023-04-01 15:54:16 [ip] ::1 [text] SQL PermisosMenu:SELECT item.url
    ,item.descripccion as item
    FROM permisomenu per
    INNER JOIN menuitem item on item.id=per.idorden
    INNER JOIN menu menu on menu.id=item.id_menu
    where per.cod_perfil_usu='1' and menu.id='1' and per.estado=1
2023-04-01 15:54:16 [ip] ::1 [text] SQL PermisosMenu:SELECT item.url
    ,item.descripccion as item
    FROM permisomenu per
    INNER JOIN menuitem item on item.id=per.idorden
    INNER JOIN menu menu on menu.id=item.id_menu
    where per.cod_perfil_usu='1' and menu.id='3' and per.estado=1
2023-04-01 15:54:16 [ip] ::1 [text] SQL PermisosMenu:SELECT item.url
    ,item.descripccion as item
    FROM permisomenu per
    INNER JOIN menuitem item on item.id=per.idorden
    INNER JOIN menu menu on menu.id=item.id_menu
    where per.cod_perfil_usu='1' and menu.id='4' and per.estado=1
2023-04-01 15:54:24 [ip] ::1 [text] buscar apertura cierre
2023-04-01 15:54:24 [ip] ::1 [text] select apertura: SELECT * FROM `aper_cie` WHERE cod_usu=1 and fecha_cie is null
2023-04-01 15:54:24 [ip] ::1 [text] SQL PermisosMenu:SELECT item.url
    ,item.descripccion as item
    FROM permisomenu per
    INNER JOIN menuitem item on item.id=per.idorden
    INNER JOIN menu menu on menu.id=item.id_menu
    where per.cod_perfil_usu='1' and menu.id='1' and per.estado=1
2023-04-01 15:54:24 [ip] ::1 [text] SQL PermisosMenu:SELECT item.url
    ,item.descripccion as item
    FROM permisomenu per
    INNER JOIN menuitem item on item.id=per.idorden
    INNER JOIN menu menu on menu.id=item.id_menu
    where per.cod_perfil_usu='1' and menu.id='3' and per.estado=1
2023-04-01 15:54:24 [ip] ::1 [text] SQL PermisosMenu:SELECT item.url
    ,item.descripccion as item
    FROM permisomenu per
    INNER JOIN menuitem item on item.id=per.idorden
    INNER JOIN menu menu on menu.id=item.id_menu
    where per.cod_perfil_usu='1' and menu.id='4' and per.estado=1
2023-04-01 16:07:59 [ip] ::1 [text] buscar apertura cierre
2023-04-01 16:07:59 [ip] ::1 [text] select apertura: SELECT * FROM `aper_cie` WHERE cod_usu=1 and fecha_cie is null
2023-04-01 16:07:59 [ip] ::1 [text] SQL PermisosMenu:SELECT item.url
    ,item.descripccion as item
    FROM permisomenu per
    INNER JOIN menuitem item on item.id=per.idorden
    INNER JOIN menu menu on menu.id=item.id_menu
    where per.cod_perfil_usu='1' and menu.id='1' and per.estado=1
2023-04-01 16:07:59 [ip] ::1 [text] SQL PermisosMenu:SELECT item.url
    ,item.descripccion as item
    FROM permisomenu per
    INNER JOIN menuitem item on item.id=per.idorden
    INNER JOIN menu menu on menu.id=item.id_menu
    where per.cod_perfil_usu='1' and menu.id='3' and per.estado=1
2023-04-01 16:07:59 [ip] ::1 [text] SQL PermisosMenu:SELECT item.url
    ,item.descripccion as item
    FROM permisomenu per
    INNER JOIN menuitem item on item.id=per.idorden
    INNER JOIN menu menu on menu.id=item.id_menu
    where per.cod_perfil_usu='1' and menu.id='4' and per.estado=1
2023-04-01 16:08:16 [ip] ::1 [text] buscar apertura cierre
2023-04-01 16:08:16 [ip] ::1 [text] select apertura: SELECT * FROM `aper_cie` WHERE cod_usu=1 and fecha_cie is null
2023-04-01 16:08:16 [ip] ::1 [text] SQL PermisosMenu:SELECT item.url
    ,item.descripccion as item
    FROM permisomenu per
    INNER JOIN menuitem item on item.id=per.idorden
    INNER JOIN menu menu on menu.id=item.id_menu
    where per.cod_perfil_usu='1' and menu.id='1' and per.estado=1
2023-04-01 16:08:16 [ip] ::1 [text] SQL PermisosMenu:SELECT item.url
    ,item.descripccion as item
    FROM permisomenu per
    INNER JOIN menuitem item on item.id=per.idorden
    INNER JOIN menu menu on menu.id=item.id_menu
    where per.cod_perfil_usu='1' and menu.id='3' and per.estado=1
2023-04-01 16:08:16 [ip] ::1 [text] SQL PermisosMenu:SELECT item.url
    ,item.descripccion as item
    FROM permisomenu per
    INNER JOIN menuitem item on item.id=per.idorden
    INNER JOIN menu menu on menu.id=item.id_menu
    where per.cod_perfil_usu='1' and menu.id='4' and per.estado=1
2023-04-01 16:08:39 [ip] ::1 [text] buscar apertura cierre
2023-04-01 16:08:39 [ip] ::1 [text] select apertura: SELECT * FROM `aper_cie` WHERE cod_usu=1 and fecha_cie is null
2023-04-01 16:08:39 [ip] ::1 [text] SQL PermisosMenu:SELECT item.url
    ,item.descripccion as item
    FROM permisomenu per
    INNER JOIN menuitem item on item.id=per.idorden
    INNER JOIN menu menu on menu.id=item.id_menu
    where per.cod_perfil_usu='1' and menu.id='1' and per.estado=1
2023-04-01 16:08:39 [ip] ::1 [text] SQL PermisosMenu:SELECT item.url
    ,item.descripccion as item
    FROM permisomenu per
    INNER JOIN menuitem item on item.id=per.idorden
    INNER JOIN menu menu on menu.id=item.id_menu
    where per.cod_perfil_usu='1' and menu.id='3' and per.estado=1
2023-04-01 16:08:39 [ip] ::1 [text] SQL PermisosMenu:SELECT item.url
    ,item.descripccion as item
    FROM permisomenu per
    INNER JOIN menuitem item on item.id=per.idorden
    INNER JOIN menu menu on menu.id=item.id_menu
    where per.cod_perfil_usu='1' and menu.id='4' and per.estado=1
2023-04-01 16:09:44 [ip] ::1 [text] buscar apertura cierre
2023-04-01 16:09:44 [ip] ::1 [text] select apertura: SELECT * FROM `aper_cie` WHERE cod_usu=1 and fecha_cie is null
2023-04-01 16:09:44 [ip] ::1 [text] SQL PermisosMenu:SELECT item.url
    ,item.descripccion as item
    FROM permisomenu per
    INNER JOIN menuitem item on item.id=per.idorden
    INNER JOIN menu menu on menu.id=item.id_menu
    where per.cod_perfil_usu='1' and menu.id='1' and per.estado=1
2023-04-01 16:09:44 [ip] ::1 [text] SQL PermisosMenu:SELECT item.url
    ,item.descripccion as item
    FROM permisomenu per
    INNER JOIN menuitem item on item.id=per.idorden
    INNER JOIN menu menu on menu.id=item.id_menu
    where per.cod_perfil_usu='1' and menu.id='3' and per.estado=1
2023-04-01 16:09:44 [ip] ::1 [text] SQL PermisosMenu:SELECT item.url
    ,item.descripccion as item
    FROM permisomenu per
    INNER JOIN menuitem item on item.id=per.idorden
    INNER JOIN menu menu on menu.id=item.id_menu
    where per.cod_perfil_usu='1' and menu.id='4' and per.estado=1
2023-04-01 16:09:46 [ip] ::1 [text] buscar apertura cierre
2023-04-01 16:09:46 [ip] ::1 [text] select apertura: SELECT * FROM `aper_cie` WHERE cod_usu=1 and fecha_cie is null
2023-04-01 16:09:46 [ip] ::1 [text] SQL PermisosMenu:SELECT item.url
    ,item.descripccion as item
    FROM permisomenu per
    INNER JOIN menuitem item on item.id=per.idorden
    INNER JOIN menu menu on menu.id=item.id_menu
    where per.cod_perfil_usu='1' and menu.id='1' and per.estado=1
2023-04-01 16:09:46 [ip] ::1 [text] SQL PermisosMenu:SELECT item.url
    ,item.descripccion as item
    FROM permisomenu per
    INNER JOIN menuitem item on item.id=per.idorden
    INNER JOIN menu menu on menu.id=item.id_menu
    where per.cod_perfil_usu='1' and menu.id='3' and per.estado=1
2023-04-01 16:09:46 [ip] ::1 [text] SQL PermisosMenu:SELECT item.url
    ,item.descripccion as item
    FROM permisomenu per
    INNER JOIN menuitem item on item.id=per.idorden
    INNER JOIN menu menu on menu.id=item.id_menu
    where per.cod_perfil_usu='1' and menu.id='4' and per.estado=1
