2022-10-02 15:37:58 [ip] ::1 [text] buscar apertura cierre
2022-10-02 15:37:58 [ip] ::1 [text] select apertura: SELECT * FROM `aper_cie` WHERE cod_usu=1 and fecha_cie is null
2022-10-02 15:37:58 [ip] ::1 [text] SQL PermisosMenu:SELECT item.url
    ,item.descripccion as item
    FROM permisomenu per
    INNER JOIN menuitem item on item.id=per.idorden
    INNER JOIN menu menu on menu.id=item.id_menu
    where per.cod_perfil_usu='1' and menu.id='1' and per.estado=1
2022-10-02 15:37:58 [ip] ::1 [text] SQL PermisosMenu:SELECT item.url
    ,item.descripccion as item
    FROM permisomenu per
    INNER JOIN menuitem item on item.id=per.idorden
    INNER JOIN menu menu on menu.id=item.id_menu
    where per.cod_perfil_usu='1' and menu.id='3' and per.estado=1
2022-10-02 15:37:58 [ip] ::1 [text] SQL PermisosMenu:SELECT item.url
    ,item.descripccion as item
    FROM permisomenu per
    INNER JOIN menuitem item on item.id=per.idorden
    INNER JOIN menu menu on menu.id=item.id_menu
    where per.cod_perfil_usu='1' and menu.id='4' and per.estado=1
2022-10-02 15:38:31 [ip] ::1 [text] Inciando Sesion
2022-10-02 15:38:31 [ip] ::1 [text] Datos Recibidos:
2022-10-02 15:38:31 [ip] ::1 [text] Usuario: gmareco
2022-10-02 15:38:31 [ip] ::1 [text] Password: 1234
2022-10-02 15:38:31 [ip] ::1 [text] SQL ACCESO:SELECT cod_emple, cod_perfil_usu, cod_usu FROM usuario WHERE usuario ='gmareco' and clave ='1234'
2022-10-02 15:38:31 [ip] ::1 [text] El usuario gmareco No pudo Iniciar Sesion
2022-10-02 15:38:31 [ip] ::1 [text] Fin Session
2022-10-02 15:39:33 [ip] ::1 [text] Inciando Sesion
2022-10-02 15:39:33 [ip] ::1 [text] Datos Recibidos:
2022-10-02 15:39:33 [ip] ::1 [text] Usuario: gmarecos
2022-10-02 15:39:33 [ip] ::1 [text] Password: 1234
2022-10-02 15:39:33 [ip] ::1 [text] SQL ACCESO:SELECT cod_emple, cod_perfil_usu, cod_usu FROM usuario WHERE usuario ='gmarecos' and clave ='1234'
2022-10-02 15:39:33 [ip] ::1 [text] El usuario gmarecos Se ha Logueado xdxd
2022-10-02 15:39:33 [ip] ::1 [text] Fin Session
2022-10-02 15:39:33 [ip] ::1 [text] entrando a caso 2
2022-10-02 15:39:33 [ip] ::1 [text] buscar apertura cierre
2022-10-02 15:39:33 [ip] ::1 [text] select apertura: SELECT * FROM `aper_cie` WHERE cod_usu=1 and fecha_cie is null
2022-10-02 15:39:33 [ip] ::1 [text] buscar apertura cierre
2022-10-02 15:39:33 [ip] ::1 [text] select apertura: SELECT * FROM `aper_cie` WHERE cod_usu=1 and fecha_cie is null
enu per
    INNER JOIN menuitem item on item.id=per.idorden
    INNER JOIN menu menu on menu.id=item.id_menu
    where per.cod_perfil_usu='1' and menu.id='1' and per.estado=1
2022-10-02 15:39:33 [ip] ::1 [text] SQL PermisosMenu:SELECT item.url
    ,item.descripccion as item
    FROM permisomenu per
    INNER JOIN menuitem item on item.id=per.idorden
    INNER JOIN menu menu on menu.id=item.id_menu
    where per.cod_perfil_usu='1' and menu.id='3' and per.estado=1
2022-10-02 15:39:33 [ip] ::1 [text] SQL PermisosMenu:SELECT item.url
    ,item.descripccion as item
    FROM permisomenu per
    INNER JOIN menuitem item on item.id=per.idorden
    INNER JOIN menu menu on menu.id=item.id_menu
    where per.cod_perfil_usu='1' and menu.id='4' and per.estado=1
2022-10-02 15:39:33 [ip] ::1 [text] SQL PermisosMenu:SELECT item.url
    ,item.descripccion as item
    FROM permisomenu per
    INNER JOIN menuitem item on item.id=per.idorden
    INNER JOIN menu menu on menu.id=item.id_menu
    where per.cod_perfil_usu='1' and menu.id='1' and per.estado=1
2022-10-02 15:39:33 [ip] ::1 [text] SQL PermisosMenu:SELECT item.url
    ,item.descripccion as item
    FROM permisomenu per
    INNER JOIN menuitem item on item.id=per.idorden
    INNER JOIN menu menu on menu.id=item.id_menu
    where per.cod_perfil_usu='1' and menu.id='3' and per.estado=1
2022-10-02 15:39:33 [ip] ::1 [text] SQL PermisosMenu:SELECT item.url
    ,item.descripccion as item
    FROM permisomenu per
    INNER JOIN menuitem item on item.id=per.idorden
    INNER JOIN menu menu on menu.id=item.id_menu
    where per.cod_perfil_usu='1' and menu.id='4' and per.estado=1
2022-10-02 15:41:32 [ip] ::1 [text] Inciando Sesion
2022-10-02 15:41:32 [ip] ::1 [text] Datos Recibidos:
2022-10-02 15:41:32 [ip] ::1 [text] Usuario: gmareco
2022-10-02 15:41:32 [ip] ::1 [text] Password: 1234
2022-10-02 15:41:32 [ip] ::1 [text] SQL ACCESO:SELECT cod_emple, cod_perfil_usu, cod_usu FROM usuario WHERE usuario ='gmareco' and clave ='1234'
2022-10-02 15:41:32 [ip] ::1 [text] El usuario gmareco No pudo Iniciar Sesion
2022-10-02 15:41:32 [ip] ::1 [text] Fin Session
2022-10-02 15:41:47 [ip] ::1 [text] Inciando Sesion
2022-10-02 15:41:47 [ip] ::1 [text] Datos Recibidos:
2022-10-02 15:41:47 [ip] ::1 [text] Usuario: gmarecos
2022-10-02 15:41:47 [ip] ::1 [text] Password: 1234
2022-10-02 15:41:47 [ip] ::1 [text] SQL ACCESO:SELECT cod_emple, cod_perfil_usu, cod_usu FROM usuario WHERE usuario ='gmarecos' and clave ='1234'
2022-10-02 15:41:47 [ip] ::1 [text] El usuario gmarecos Se ha Logueado xdxd
2022-10-02 15:41:47 [ip] ::1 [text] Fin Session
2022-10-02 15:41:48 [ip] ::1 [text] entrando a caso 2
2022-10-02 15:41:48 [ip] ::1 [text] buscar apertura cierre
2022-10-02 15:41:48 [ip] ::1 [text] obteniendo cajas
ELECT * FROM `aper_cie` WHERE cod_usu=1 and fecha_cie is null
2022-10-02 15:41:48 [ip] ::1 [text] SQL PermisosMenu:SELECT item.url
    ,item.descripccion as item
    FROM permisomenu per
    INNER JOIN menuitem item on item.id=per.idorden
    INNER JOIN menu menu on menu.id=item.id_menu
    where per.cod_perfil_usu='1' and menu.id='1' and per.estado=1
2022-10-02 15:41:48 [ip] ::1 [text] buscar apertura cierre
2022-10-02 15:41:48 [ip] ::1 [text] select apertura: SELECT * FROM `aper_cie` WHERE cod_usu=1 and fecha_cie is null
2022-10-02 15:41:48 [ip] ::1 [text] SQL PermisosMenu:SELECT item.url
    ,item.descripccion as item
    FROM permisomenu per
    INNER JOIN menuitem item on item.id=per.idorden
    INNER JOIN menu menu on menu.id=item.id_menu
    where per.cod_perfil_usu='1' and menu.id='3' and per.estado=1
2022-10-02 15:41:48 [ip] ::1 [text] SQL PermisosMenu:SELECT item.url
    ,item.descripccion as item
    FROM permisomenu per
    INNER JOIN menuitem item on item.id=per.idorden
    INNER JOIN menu menu on menu.id=item.id_menu
    where per.cod_perfil_usu='1' and menu.id='4' and per.estado=1
2022-10-02 15:41:48 [ip] ::1 [text] SQL PermisosMenu:SELECT item.url
    ,item.descripccion as item
    FROM permisomenu per
    INNER JOIN menuitem item on item.id=per.idorden
    INNER JOIN menu menu on menu.id=item.id_menu
    where per.cod_perfil_usu='1' and menu.id='1' and per.estado=1
2022-10-02 15:41:48 [ip] ::1 [text] SQL PermisosMenu:SELECT item.url
    ,item.descripccion as item
    FROM permisomenu per
    INNER JOIN menuitem item on item.id=per.idorden
    INNER JOIN menu menu on menu.id=item.id_menu
    where per.cod_perfil_usu='1' and menu.id='3' and per.estado=1
2022-10-02 15:41:48 [ip] ::1 [text] SQL PermisosMenu:SELECT item.url
    ,item.descripccion as item
    FROM permisomenu per
    INNER JOIN menuitem item on item.id=per.idorden
    INNER JOIN menu menu on menu.id=item.id_menu
    where per.cod_perfil_usu='1' and menu.id='4' and per.estado=1
2022-10-02 15:43:18 [ip] ::1 [text] buscar apertura cierre
2022-10-02 15:43:18 [ip] ::1 [text] select apertura: SELECT * FROM `aper_cie` WHERE cod_usu=1 and fecha_cie is null
2022-10-02 15:43:18 [ip] ::1 [text] SQL PermisosMenu:SELECT item.url
    ,item.descripccion as item
    FROM permisomenu per
    INNER JOIN menuitem item on item.id=per.idorden
    INNER JOIN menu menu on menu.id=item.id_menu
    where per.cod_perfil_usu='1' and menu.id='1' and per.estado=1
2022-10-02 15:43:18 [ip] ::1 [text] SQL PermisosMenu:SELECT item.url
    ,item.descripccion as item
    FROM permisomenu per
    INNER JOIN menuitem item on item.id=per.idorden
    INNER JOIN menu menu on menu.id=item.id_menu
    where per.cod_perfil_usu='1' and menu.id='3' and per.estado=1
2022-10-02 15:43:18 [ip] ::1 [text] SQL PermisosMenu:SELECT item.url
    ,item.descripccion as item
    FROM permisomenu per
    INNER JOIN menuitem item on item.id=per.idorden
    INNER JOIN menu menu on menu.id=item.id_menu
    where per.cod_perfil_usu='1' and menu.id='4' and per.estado=1
2022-10-02 15:48:46 [ip] ::1 [text] buscar apertura cierre
2022-10-02 15:48:46 [ip] ::1 [text] select apertura: SELECT * FROM `aper_cie` WHERE cod_usu=1 and fecha_cie is null
2022-10-02 15:48:46 [ip] ::1 [text] SQL PermisosMenu:SELECT item.url
    ,item.descripccion as item
    FROM permisomenu per
    INNER JOIN menuitem item on item.id=per.idorden
    INNER JOIN menu menu on menu.id=item.id_menu
    where per.cod_perfil_usu='1' and menu.id='1' and per.estado=1
2022-10-02 15:48:46 [ip] ::1 [text] SQL PermisosMenu:SELECT item.url
    ,item.descripccion as item
    FROM permisomenu per
    INNER JOIN menuitem item on item.id=per.idorden
    INNER JOIN menu menu on menu.id=item.id_menu
    where per.cod_perfil_usu='1' and menu.id='3' and per.estado=1
2022-10-02 15:48:46 [ip] ::1 [text] SQL PermisosMenu:SELECT item.url
    ,item.descripccion as item
    FROM permisomenu per
    INNER JOIN menuitem item on item.id=per.idorden
    INNER JOIN menu menu on menu.id=item.id_menu
    where per.cod_perfil_usu='1' and menu.id='4' and per.estado=1
2022-10-02 15:50:41 [ip] ::1 [text] buscar apertura cierre
2022-10-02 15:50:41 [ip] ::1 [text] select apertura: SELECT * FROM `aper_cie` WHERE cod_usu=1 and fecha_cie is null
2022-10-02 15:50:41 [ip] ::1 [text] SQL PermisosMenu:SELECT item.url
    ,item.descripccion as item
    FROM permisomenu per
    INNER JOIN menuitem item on item.id=per.idorden
    INNER JOIN menu menu on menu.id=item.id_menu
    where per.cod_perfil_usu='1' and menu.id='1' and per.estado=1
2022-10-02 15:50:41 [ip] ::1 [text] SQL PermisosMenu:SELECT item.url
    ,item.descripccion as item
    FROM permisomenu per
    INNER JOIN menuitem item on item.id=per.idorden
    INNER JOIN menu menu on menu.id=item.id_menu
    where per.cod_perfil_usu='1' and menu.id='3' and per.estado=1
2022-10-02 15:50:41 [ip] ::1 [text] SQL PermisosMenu:SELECT item.url
    ,item.descripccion as item
    FROM permisomenu per
    INNER JOIN menuitem item on item.id=per.idorden
    INNER JOIN menu menu on menu.id=item.id_menu
    where per.cod_perfil_usu='1' and menu.id='4' and per.estado=1
2022-10-02 16:33:44 [ip] ::1 [text] Inciando Sesion
2022-10-02 16:33:44 [ip] ::1 [text] Datos Recibidos:
2022-10-02 16:33:44 [ip] ::1 [text] Usuario: gmarecos
2022-10-02 16:33:44 [ip] ::1 [text] Password: 1234
2022-10-02 16:33:44 [ip] ::1 [text] SQL ACCESO:SELECT cod_emple, cod_perfil_usu, cod_usu FROM usuario WHERE usuario ='gmarecos' and clave ='1234'
2022-10-02 16:33:44 [ip] ::1 [text] El usuario gmarecos Se ha Logueado xdxd
2022-10-02 16:33:44 [ip] ::1 [text] Fin Session
2022-10-02 16:33:44 [ip] ::1 [text] entrando a caso 2
2022-10-02 16:33:44 [ip] ::1 [text] buscar apertura cierre
2022-10-02 16:33:44 [ip] ::1 [text] select apertura: SELECT * FROM `aper_cie` WHERE cod_usu=1 and fecha_cie is null
2022-10-02 16:33:44 [ip] ::1 [text] obteniendo cajas
2022-10-02 16:33:44 [ip] ::1 [text] buscar apertura cierre
2022-10-02 16:33:44 [ip] ::1 [text] select apertura: SELECT * FROM `aper_cie` WHERE cod_usu=1 and fecha_cie is null
2022-10-02 16:33:44 [ip] ::1 [text] SQL PermisosMenu:SELECT item.url
    ,item.descripccion as item
    FROM permisomenu per
    INNER JOIN menuitem item on item.id=per.idorden
    INNER JOIN menu menu on menu.id=item.id_menu
    where per.cod_perfil_usu='1' and menu.id='1' and per.estado=1
2022-10-02 16:33:44 [ip] ::1 [text] SQL PermisosMenu:SELECT item.url
    ,item.descripccion as item
    FROM permisomenu per
    INNER JOIN menuitem item on item.id=per.idorden
    INNER JOIN menu menu on menu.id=item.id_menu
    where per.cod_perfil_usu='1' and menu.id='3' and per.estado=1
2022-10-02 16:33:44 [ip] ::1 [text] SQL PermisosMenu:SELECT item.url
    ,item.descripccion as item
    FROM permisomenu per
    INNER JOIN menuitem item on item.id=per.idorden
    INNER JOIN menu menu on menu.id=item.id_menu
    where per.cod_perfil_usu='1' and menu.id='4' and per.estado=1
2022-10-02 16:33:44 [ip] ::1 [text] SQL PermisosMenu:SELECT item.url
    ,item.descripccion as item
    FROM permisomenu per
    INNER JOIN menuitem item on item.id=per.idorden
    INNER JOIN menu menu on menu.id=item.id_menu
    where per.cod_perfil_usu='1' and menu.id='1' and per.estado=1
2022-10-02 16:33:44 [ip] ::1 [text] SQL PermisosMenu:SELECT item.url
    ,item.descripccion as item
    FROM permisomenu per
    INNER JOIN menuitem item on item.id=per.idorden
    INNER JOIN menu menu on menu.id=item.id_menu
    where per.cod_perfil_usu='1' and menu.id='3' and per.estado=1
2022-10-02 16:33:44 [ip] ::1 [text] SQL PermisosMenu:SELECT item.url
    ,item.descripccion as item
    FROM permisomenu per
    INNER JOIN menuitem item on item.id=per.idorden
    INNER JOIN menu menu on menu.id=item.id_menu
    where per.cod_perfil_usu='1' and menu.id='4' and per.estado=1
2022-10-02 16:34:55 [ip] ::1 [text] buscar apertura cierre
2022-10-02 16:34:55 [ip] ::1 [text] select apertura: SELECT * FROM `aper_cie` WHERE cod_usu=1 and fecha_cie is null
2022-10-02 16:34:55 [ip] ::1 [text] SQL PermisosMenu:SELECT item.url
    ,item.descripccion as item
    FROM permisomenu per
    INNER JOIN menuitem item on item.id=per.idorden
    INNER JOIN menu menu on menu.id=item.id_menu
    where per.cod_perfil_usu='1' and menu.id='1' and per.estado=1
2022-10-02 16:34:55 [ip] ::1 [text] SQL PermisosMenu:SELECT item.url
    ,item.descripccion as item
    FROM permisomenu per
    INNER JOIN menuitem item on item.id=per.idorden
    INNER JOIN menu menu on menu.id=item.id_menu
    where per.cod_perfil_usu='1' and menu.id='3' and per.estado=1
2022-10-02 16:34:55 [ip] ::1 [text] SQL PermisosMenu:SELECT item.url
    ,item.descripccion as item
    FROM permisomenu per
    INNER JOIN menuitem item on item.id=per.idorden
    INNER JOIN menu menu on menu.id=item.id_menu
    where per.cod_perfil_usu='1' and menu.id='4' and per.estado=1
2022-10-02 16:39:45 [ip] ::1 [text] buscar apertura cierre
2022-10-02 16:39:45 [ip] ::1 [text] select apertura: SELECT * FROM `aper_cie` WHERE cod_usu=1 and fecha_cie is null
2022-10-02 16:39:45 [ip] ::1 [text] SQL PermisosMenu:SELECT item.url
    ,item.descripccion as item
    FROM permisomenu per
    INNER JOIN menuitem item on item.id=per.idorden
    INNER JOIN menu menu on menu.id=item.id_menu
    where per.cod_perfil_usu='1' and menu.id='1' and per.estado=1
2022-10-02 16:39:45 [ip] ::1 [text] SQL PermisosMenu:SELECT item.url
    ,item.descripccion as item
    FROM permisomenu per
    INNER JOIN menuitem item on item.id=per.idorden
    INNER JOIN menu menu on menu.id=item.id_menu
    where per.cod_perfil_usu='1' and menu.id='3' and per.estado=1
2022-10-02 16:39:45 [ip] ::1 [text] SQL PermisosMenu:SELECT item.url
    ,item.descripccion as item
    FROM permisomenu per
    INNER JOIN menuitem item on item.id=per.idorden
    INNER JOIN menu menu on menu.id=item.id_menu
    where per.cod_perfil_usu='1' and menu.id='4' and per.estado=1
2022-10-02 16:47:46 [ip] ::1 [text] buscar apertura cierre
2022-10-02 16:47:46 [ip] ::1 [text] select apertura: SELECT * FROM `aper_cie` WHERE cod_usu=1 and fecha_cie is null
2022-10-02 16:47:47 [ip] ::1 [text] SQL PermisosMenu:SELECT item.url
    ,item.descripccion as item
    FROM permisomenu per
    INNER JOIN menuitem item on item.id=per.idorden
    INNER JOIN menu menu on menu.id=item.id_menu
    where per.cod_perfil_usu='1' and menu.id='1' and per.estado=1
2022-10-02 16:47:47 [ip] ::1 [text] SQL PermisosMenu:SELECT item.url
    ,item.descripccion as item
    FROM permisomenu per
    INNER JOIN menuitem item on item.id=per.idorden
    INNER JOIN menu menu on menu.id=item.id_menu
    where per.cod_perfil_usu='1' and menu.id='3' and per.estado=1
2022-10-02 16:47:47 [ip] ::1 [text] SQL PermisosMenu:SELECT item.url
    ,item.descripccion as item
    FROM permisomenu per
    INNER JOIN menuitem item on item.id=per.idorden
    INNER JOIN menu menu on menu.id=item.id_menu
    where per.cod_perfil_usu='1' and menu.id='4' and per.estado=1
2022-10-02 16:51:40 [ip] ::1 [text] buscar apertura cierre
2022-10-02 16:51:40 [ip] ::1 [text] select apertura: SELECT * FROM `aper_cie` WHERE cod_usu=1 and fecha_cie is null
2022-10-02 16:51:40 [ip] ::1 [text] SQL PermisosMenu:SELECT item.url
    ,item.descripccion as item
    FROM permisomenu per
    INNER JOIN menuitem item on item.id=per.idorden
    INNER JOIN menu menu on menu.id=item.id_menu
    where per.cod_perfil_usu='1' and menu.id='1' and per.estado=1
2022-10-02 16:51:40 [ip] ::1 [text] SQL PermisosMenu:SELECT item.url
    ,item.descripccion as item
    FROM permisomenu per
    INNER JOIN menuitem item on item.id=per.idorden
    INNER JOIN menu menu on menu.id=item.id_menu
    where per.cod_perfil_usu='1' and menu.id='3' and per.estado=1
2022-10-02 16:51:40 [ip] ::1 [text] SQL PermisosMenu:SELECT item.url
    ,item.descripccion as item
    FROM permisomenu per
    INNER JOIN menuitem item on item.id=per.idorden
    INNER JOIN menu menu on menu.id=item.id_menu
    where per.cod_perfil_usu='1' and menu.id='4' and per.estado=1
2022-10-02 16:55:03 [ip] ::1 [text] buscar apertura cierre
2022-10-02 16:55:03 [ip] ::1 [text] select apertura: SELECT * FROM `aper_cie` WHERE cod_usu=1 and fecha_cie is null
2022-10-02 16:55:03 [ip] ::1 [text] SQL PermisosMenu:SELECT item.url
    ,item.descripccion as item
    FROM permisomenu per
    INNER JOIN menuitem item on item.id=per.idorden
    INNER JOIN menu menu on menu.id=item.id_menu
    where per.cod_perfil_usu='1' and menu.id='1' and per.estado=1
2022-10-02 16:55:03 [ip] ::1 [text] SQL PermisosMenu:SELECT item.url
    ,item.descripccion as item
    FROM permisomenu per
    INNER JOIN menuitem item on item.id=per.idorden
    INNER JOIN menu menu on menu.id=item.id_menu
    where per.cod_perfil_usu='1' and menu.id='3' and per.estado=1
2022-10-02 16:55:03 [ip] ::1 [text] SQL PermisosMenu:SELECT item.url
    ,item.descripccion as item
    FROM permisomenu per
    INNER JOIN menuitem item on item.id=per.idorden
    INNER JOIN menu menu on menu.id=item.id_menu
    where per.cod_perfil_usu='1' and menu.id='4' and per.estado=1
2022-10-02 16:59:03 [ip] ::1 [text] buscar apertura cierre
2022-10-02 16:59:03 [ip] ::1 [text] select apertura: SELECT * FROM `aper_cie` WHERE cod_usu=1 and fecha_cie is null
2022-10-02 16:59:03 [ip] ::1 [text] SQL PermisosMenu:SELECT item.url
    ,item.descripccion as item
    FROM permisomenu per
    INNER JOIN menuitem item on item.id=per.idorden
    INNER JOIN menu menu on menu.id=item.id_menu
    where per.cod_perfil_usu='1' and menu.id='1' and per.estado=1
2022-10-02 16:59:03 [ip] ::1 [text] SQL PermisosMenu:SELECT item.url
    ,item.descripccion as item
    FROM permisomenu per
    INNER JOIN menuitem item on item.id=per.idorden
    INNER JOIN menu menu on menu.id=item.id_menu
    where per.cod_perfil_usu='1' and menu.id='3' and per.estado=1
2022-10-02 16:59:03 [ip] ::1 [text] SQL PermisosMenu:SELECT item.url
    ,item.descripccion as item
    FROM permisomenu per
    INNER JOIN menuitem item on item.id=per.idorden
    INNER JOIN menu menu on menu.id=item.id_menu
    where per.cod_perfil_usu='1' and menu.id='4' and per.estado=1
2022-10-02 17:03:49 [ip] ::1 [text] buscar apertura cierre
2022-10-02 17:03:49 [ip] ::1 [text] select apertura: SELECT * FROM `aper_cie` WHERE cod_usu=1 and fecha_cie is null
2022-10-02 17:03:49 [ip] ::1 [text] SQL PermisosMenu:SELECT item.url
    ,item.descripccion as item
    FROM permisomenu per
    INNER JOIN menuitem item on item.id=per.idorden
    INNER JOIN menu menu on menu.id=item.id_menu
    where per.cod_perfil_usu='1' and menu.id='1' and per.estado=1
2022-10-02 17:03:49 [ip] ::1 [text] SQL PermisosMenu:SELECT item.url
    ,item.descripccion as item
    FROM permisomenu per
    INNER JOIN menuitem item on item.id=per.idorden
    INNER JOIN menu menu on menu.id=item.id_menu
    where per.cod_perfil_usu='1' and menu.id='3' and per.estado=1
2022-10-02 17:03:49 [ip] ::1 [text] SQL PermisosMenu:SELECT item.url
    ,item.descripccion as item
    FROM permisomenu per
    INNER JOIN menuitem item on item.id=per.idorden
    INNER JOIN menu menu on menu.id=item.id_menu
    where per.cod_perfil_usu='1' and menu.id='4' and per.estado=1
2022-10-02 17:09:25 [ip] ::1 [text] buscar apertura cierre
2022-10-02 17:09:25 [ip] ::1 [text] select apertura: SELECT * FROM `aper_cie` WHERE cod_usu=1 and fecha_cie is null
2022-10-02 17:09:25 [ip] ::1 [text] SQL PermisosMenu:SELECT item.url
    ,item.descripccion as item
    FROM permisomenu per
    INNER JOIN menuitem item on item.id=per.idorden
    INNER JOIN menu menu on menu.id=item.id_menu
    where per.cod_perfil_usu='1' and menu.id='1' and per.estado=1
2022-10-02 17:09:25 [ip] ::1 [text] SQL PermisosMenu:SELECT item.url
    ,item.descripccion as item
    FROM permisomenu per
    INNER JOIN menuitem item on item.id=per.idorden
    INNER JOIN menu menu on menu.id=item.id_menu
    where per.cod_perfil_usu='1' and menu.id='3' and per.estado=1
2022-10-02 17:09:25 [ip] ::1 [text] SQL PermisosMenu:SELECT item.url
    ,item.descripccion as item
    FROM permisomenu per
    INNER JOIN menuitem item on item.id=per.idorden
    INNER JOIN menu menu on menu.id=item.id_menu
    where per.cod_perfil_usu='1' and menu.id='4' and per.estado=1
2022-10-02 17:28:38 [ip] ::1 [text] buscar apertura cierre
2022-10-02 17:28:38 [ip] ::1 [text] select apertura: SELECT * FROM `aper_cie` WHERE cod_usu=1 and fecha_cie is null
2022-10-02 17:28:38 [ip] ::1 [text] SQL PermisosMenu:SELECT item.url
    ,item.descripccion as item
    FROM permisomenu per
    INNER JOIN menuitem item on item.id=per.idorden
    INNER JOIN menu menu on menu.id=item.id_menu
    where per.cod_perfil_usu='1' and menu.id='1' and per.estado=1
2022-10-02 17:28:38 [ip] ::1 [text] SQL PermisosMenu:SELECT item.url
    ,item.descripccion as item
    FROM permisomenu per
    INNER JOIN menuitem item on item.id=per.idorden
    INNER JOIN menu menu on menu.id=item.id_menu
    where per.cod_perfil_usu='1' and menu.id='3' and per.estado=1
2022-10-02 17:28:38 [ip] ::1 [text] SQL PermisosMenu:SELECT item.url
    ,item.descripccion as item
    FROM permisomenu per
    INNER JOIN menuitem item on item.id=per.idorden
    INNER JOIN menu menu on menu.id=item.id_menu
    where per.cod_perfil_usu='1' and menu.id='4' and per.estado=1
2022-10-02 17:31:22 [ip] ::1 [text] buscar apertura cierre
2022-10-02 17:31:22 [ip] ::1 [text] select apertura: SELECT * FROM `aper_cie` WHERE cod_usu=1 and fecha_cie is null
2022-10-02 17:31:22 [ip] ::1 [text] SQL PermisosMenu:SELECT item.url
    ,item.descripccion as item
    FROM permisomenu per
    INNER JOIN menuitem item on item.id=per.idorden
    INNER JOIN menu menu on menu.id=item.id_menu
    where per.cod_perfil_usu='1' and menu.id='1' and per.estado=1
2022-10-02 17:31:22 [ip] ::1 [text] SQL PermisosMenu:SELECT item.url
    ,item.descripccion as item
    FROM permisomenu per
    INNER JOIN menuitem item on item.id=per.idorden
    INNER JOIN menu menu on menu.id=item.id_menu
    where per.cod_perfil_usu='1' and menu.id='3' and per.estado=1
2022-10-02 17:31:22 [ip] ::1 [text] SQL PermisosMenu:SELECT item.url
    ,item.descripccion as item
    FROM permisomenu per
    INNER JOIN menuitem item on item.id=per.idorden
    INNER JOIN menu menu on menu.id=item.id_menu
    where per.cod_perfil_usu='1' and menu.id='4' and per.estado=1
2022-10-02 17:35:25 [ip] ::1 [text] buscar apertura cierre
2022-10-02 17:35:25 [ip] ::1 [text] select apertura: SELECT * FROM `aper_cie` WHERE cod_usu=1 and fecha_cie is null
2022-10-02 17:35:25 [ip] ::1 [text] SQL PermisosMenu:SELECT item.url
    ,item.descripccion as item
    FROM permisomenu per
    INNER JOIN menuitem item on item.id=per.idorden
    INNER JOIN menu menu on menu.id=item.id_menu
    where per.cod_perfil_usu='1' and menu.id='1' and per.estado=1
2022-10-02 17:35:25 [ip] ::1 [text] SQL PermisosMenu:SELECT item.url
    ,item.descripccion as item
    FROM permisomenu per
    INNER JOIN menuitem item on item.id=per.idorden
    INNER JOIN menu menu on menu.id=item.id_menu
    where per.cod_perfil_usu='1' and menu.id='3' and per.estado=1
2022-10-02 17:35:25 [ip] ::1 [text] SQL PermisosMenu:SELECT item.url
    ,item.descripccion as item
    FROM permisomenu per
    INNER JOIN menuitem item on item.id=per.idorden
    INNER JOIN menu menu on menu.id=item.id_menu
    where per.cod_perfil_usu='1' and menu.id='4' and per.estado=1
2022-10-02 17:44:48 [ip] ::1 [text] buscar apertura cierre
2022-10-02 17:44:48 [ip] ::1 [text] select apertura: SELECT * FROM `aper_cie` WHERE cod_usu=1 and fecha_cie is null
2022-10-02 17:44:49 [ip] ::1 [text] SQL PermisosMenu:SELECT item.url
    ,item.descripccion as item
    FROM permisomenu per
    INNER JOIN menuitem item on item.id=per.idorden
    INNER JOIN menu menu on menu.id=item.id_menu
    where per.cod_perfil_usu='1' and menu.id='1' and per.estado=1
2022-10-02 17:44:49 [ip] ::1 [text] SQL PermisosMenu:SELECT item.url
    ,item.descripccion as item
    FROM permisomenu per
    INNER JOIN menuitem item on item.id=per.idorden
    INNER JOIN menu menu on menu.id=item.id_menu
    where per.cod_perfil_usu='1' and menu.id='3' and per.estado=1
2022-10-02 17:44:49 [ip] ::1 [text] SQL PermisosMenu:SELECT item.url
    ,item.descripccion as item
    FROM permisomenu per
    INNER JOIN menuitem item on item.id=per.idorden
    INNER JOIN menu menu on menu.id=item.id_menu
    where per.cod_perfil_usu='1' and menu.id='4' and per.estado=1
2022-10-02 17:46:40 [ip] ::1 [text] buscar apertura cierre
2022-10-02 17:46:40 [ip] ::1 [text] select apertura: SELECT * FROM `aper_cie` WHERE cod_usu=1 and fecha_cie is null
2022-10-02 17:46:40 [ip] ::1 [text] SQL PermisosMenu:SELECT item.url
    ,item.descripccion as item
    FROM permisomenu per
    INNER JOIN menuitem item on item.id=per.idorden
    INNER JOIN menu menu on menu.id=item.id_menu
    where per.cod_perfil_usu='1' and menu.id='1' and per.estado=1
2022-10-02 17:46:40 [ip] ::1 [text] SQL PermisosMenu:SELECT item.url
    ,item.descripccion as item
    FROM permisomenu per
    INNER JOIN menuitem item on item.id=per.idorden
    INNER JOIN menu menu on menu.id=item.id_menu
    where per.cod_perfil_usu='1' and menu.id='3' and per.estado=1
2022-10-02 17:46:40 [ip] ::1 [text] SQL PermisosMenu:SELECT item.url
    ,item.descripccion as item
    FROM permisomenu per
    INNER JOIN menuitem item on item.id=per.idorden
    INNER JOIN menu menu on menu.id=item.id_menu
    where per.cod_perfil_usu='1' and menu.id='4' and per.estado=1
2022-10-02 17:48:13 [ip] ::1 [text] buscar apertura cierre
2022-10-02 17:48:13 [ip] ::1 [text] select apertura: SELECT * FROM `aper_cie` WHERE cod_usu=1 and fecha_cie is null
2022-10-02 17:48:13 [ip] ::1 [text] SQL PermisosMenu:SELECT item.url
    ,item.descripccion as item
    FROM permisomenu per
    INNER JOIN menuitem item on item.id=per.idorden
    INNER JOIN menu menu on menu.id=item.id_menu
    where per.cod_perfil_usu='1' and menu.id='1' and per.estado=1
2022-10-02 17:48:13 [ip] ::1 [text] SQL PermisosMenu:SELECT item.url
    ,item.descripccion as item
    FROM permisomenu per
    INNER JOIN menuitem item on item.id=per.idorden
    INNER JOIN menu menu on menu.id=item.id_menu
    where per.cod_perfil_usu='1' and menu.id='3' and per.estado=1
2022-10-02 17:48:13 [ip] ::1 [text] SQL PermisosMenu:SELECT item.url
    ,item.descripccion as item
    FROM permisomenu per
    INNER JOIN menuitem item on item.id=per.idorden
    INNER JOIN menu menu on menu.id=item.id_menu
    where per.cod_perfil_usu='1' and menu.id='4' and per.estado=1
2022-10-02 17:49:50 [ip] ::1 [text] buscar apertura cierre
2022-10-02 17:49:50 [ip] ::1 [text] select apertura: SELECT * FROM `aper_cie` WHERE cod_usu=1 and fecha_cie is null
2022-10-02 17:49:50 [ip] ::1 [text] SQL PermisosMenu:SELECT item.url
    ,item.descripccion as item
    FROM permisomenu per
    INNER JOIN menuitem item on item.id=per.idorden
    INNER JOIN menu menu on menu.id=item.id_menu
    where per.cod_perfil_usu='1' and menu.id='1' and per.estado=1
2022-10-02 17:49:50 [ip] ::1 [text] SQL PermisosMenu:SELECT item.url
    ,item.descripccion as item
    FROM permisomenu per
    INNER JOIN menuitem item on item.id=per.idorden
    INNER JOIN menu menu on menu.id=item.id_menu
    where per.cod_perfil_usu='1' and menu.id='3' and per.estado=1
2022-10-02 17:49:50 [ip] ::1 [text] SQL PermisosMenu:SELECT item.url
    ,item.descripccion as item
    FROM permisomenu per
    INNER JOIN menuitem item on item.id=per.idorden
    INNER JOIN menu menu on menu.id=item.id_menu
    where per.cod_perfil_usu='1' and menu.id='4' and per.estado=1
2022-10-02 18:23:59 [ip] ::1 [text] buscar apertura cierre
2022-10-02 18:23:59 [ip] ::1 [text] select apertura: SELECT * FROM `aper_cie` WHERE cod_usu=1 and fecha_cie is null
2022-10-02 18:23:59 [ip] ::1 [text] SQL PermisosMenu:SELECT item.url
    ,item.descripccion as item
    FROM permisomenu per
    INNER JOIN menuitem item on item.id=per.idorden
    INNER JOIN menu menu on menu.id=item.id_menu
    where per.cod_perfil_usu='1' and menu.id='1' and per.estado=1
2022-10-02 18:23:59 [ip] ::1 [text] SQL PermisosMenu:SELECT item.url
    ,item.descripccion as item
    FROM permisomenu per
    INNER JOIN menuitem item on item.id=per.idorden
    INNER JOIN menu menu on menu.id=item.id_menu
    where per.cod_perfil_usu='1' and menu.id='3' and per.estado=1
2022-10-02 18:23:59 [ip] ::1 [text] SQL PermisosMenu:SELECT item.url
    ,item.descripccion as item
    FROM permisomenu per
    INNER JOIN menuitem item on item.id=per.idorden
    INNER JOIN menu menu on menu.id=item.id_menu
    where per.cod_perfil_usu='1' and menu.id='4' and per.estado=1
2022-10-02 18:25:31 [ip] ::1 [text] buscar apertura cierre
2022-10-02 18:25:31 [ip] ::1 [text] select apertura: SELECT * FROM `aper_cie` WHERE cod_usu=1 and fecha_cie is null
2022-10-02 18:25:31 [ip] ::1 [text] SQL PermisosMenu:SELECT item.url
    ,item.descripccion as item
    FROM permisomenu per
    INNER JOIN menuitem item on item.id=per.idorden
    INNER JOIN menu menu on menu.id=item.id_menu
    where per.cod_perfil_usu='1' and menu.id='1' and per.estado=1
2022-10-02 18:25:31 [ip] ::1 [text] SQL PermisosMenu:SELECT item.url
    ,item.descripccion as item
    FROM permisomenu per
    INNER JOIN menuitem item on item.id=per.idorden
    INNER JOIN menu menu on menu.id=item.id_menu
    where per.cod_perfil_usu='1' and menu.id='3' and per.estado=1
2022-10-02 18:25:31 [ip] ::1 [text] SQL PermisosMenu:SELECT item.url
    ,item.descripccion as item
    FROM permisomenu per
    INNER JOIN menuitem item on item.id=per.idorden
    INNER JOIN menu menu on menu.id=item.id_menu
    where per.cod_perfil_usu='1' and menu.id='4' and per.estado=1
2022-10-02 18:27:22 [ip] ::1 [text] buscar apertura cierre
2022-10-02 18:27:22 [ip] ::1 [text] select apertura: SELECT * FROM `aper_cie` WHERE cod_usu=1 and fecha_cie is null
2022-10-02 18:27:22 [ip] ::1 [text] SQL PermisosMenu:SELECT item.url
    ,item.descripccion as item
    FROM permisomenu per
    INNER JOIN menuitem item on item.id=per.idorden
    INNER JOIN menu menu on menu.id=item.id_menu
    where per.cod_perfil_usu='1' and menu.id='1' and per.estado=1
2022-10-02 18:27:22 [ip] ::1 [text] SQL PermisosMenu:SELECT item.url
    ,item.descripccion as item
    FROM permisomenu per
    INNER JOIN menuitem item on item.id=per.idorden
    INNER JOIN menu menu on menu.id=item.id_menu
    where per.cod_perfil_usu='1' and menu.id='3' and per.estado=1
2022-10-02 18:27:22 [ip] ::1 [text] SQL PermisosMenu:SELECT item.url
    ,item.descripccion as item
    FROM permisomenu per
    INNER JOIN menuitem item on item.id=per.idorden
    INNER JOIN menu menu on menu.id=item.id_menu
    where per.cod_perfil_usu='1' and menu.id='4' and per.estado=1
2022-10-02 18:33:37 [ip] ::1 [text] buscar apertura cierre
2022-10-02 18:33:37 [ip] ::1 [text] select apertura: SELECT * FROM `aper_cie` WHERE cod_usu=1 and fecha_cie is null
2022-10-02 18:33:37 [ip] ::1 [text] SQL PermisosMenu:SELECT item.url
    ,item.descripccion as item
    FROM permisomenu per
    INNER JOIN menuitem item on item.id=per.idorden
    INNER JOIN menu menu on menu.id=item.id_menu
    where per.cod_perfil_usu='1' and menu.id='1' and per.estado=1
2022-10-02 18:33:37 [ip] ::1 [text] SQL PermisosMenu:SELECT item.url
    ,item.descripccion as item
    FROM permisomenu per
    INNER JOIN menuitem item on item.id=per.idorden
    INNER JOIN menu menu on menu.id=item.id_menu
    where per.cod_perfil_usu='1' and menu.id='3' and per.estado=1
2022-10-02 18:33:37 [ip] ::1 [text] SQL PermisosMenu:SELECT item.url
    ,item.descripccion as item
    FROM permisomenu per
    INNER JOIN menuitem item on item.id=per.idorden
    INNER JOIN menu menu on menu.id=item.id_menu
    where per.cod_perfil_usu='1' and menu.id='4' and per.estado=1
2022-10-02 18:35:32 [ip] ::1 [text] buscar apertura cierre
2022-10-02 18:35:32 [ip] ::1 [text] select apertura: SELECT * FROM `aper_cie` WHERE cod_usu=1 and fecha_cie is null
2022-10-02 18:35:32 [ip] ::1 [text] SQL PermisosMenu:SELECT item.url
    ,item.descripccion as item
    FROM permisomenu per
    INNER JOIN menuitem item on item.id=per.idorden
    INNER JOIN menu menu on menu.id=item.id_menu
    where per.cod_perfil_usu='1' and menu.id='1' and per.estado=1
2022-10-02 18:35:32 [ip] ::1 [text] SQL PermisosMenu:SELECT item.url
    ,item.descripccion as item
    FROM permisomenu per
    INNER JOIN menuitem item on item.id=per.idorden
    INNER JOIN menu menu on menu.id=item.id_menu
    where per.cod_perfil_usu='1' and menu.id='3' and per.estado=1
2022-10-02 18:35:32 [ip] ::1 [text] SQL PermisosMenu:SELECT item.url
    ,item.descripccion as item
    FROM permisomenu per
    INNER JOIN menuitem item on item.id=per.idorden
    INNER JOIN menu menu on menu.id=item.id_menu
    where per.cod_perfil_usu='1' and menu.id='4' and per.estado=1
2022-10-02 18:38:17 [ip] ::1 [text] buscar apertura cierre
2022-10-02 18:38:17 [ip] ::1 [text] select apertura: SELECT * FROM `aper_cie` WHERE cod_usu=1 and fecha_cie is null
2022-10-02 18:38:17 [ip] ::1 [text] SQL PermisosMenu:SELECT item.url
    ,item.descripccion as item
    FROM permisomenu per
    INNER JOIN menuitem item on item.id=per.idorden
    INNER JOIN menu menu on menu.id=item.id_menu
    where per.cod_perfil_usu='1' and menu.id='1' and per.estado=1
2022-10-02 18:38:17 [ip] ::1 [text] SQL PermisosMenu:SELECT item.url
    ,item.descripccion as item
    FROM permisomenu per
    INNER JOIN menuitem item on item.id=per.idorden
    INNER JOIN menu menu on menu.id=item.id_menu
    where per.cod_perfil_usu='1' and menu.id='3' and per.estado=1
2022-10-02 18:38:17 [ip] ::1 [text] SQL PermisosMenu:SELECT item.url
    ,item.descripccion as item
    FROM permisomenu per
    INNER JOIN menuitem item on item.id=per.idorden
    INNER JOIN menu menu on menu.id=item.id_menu
    where per.cod_perfil_usu='1' and menu.id='4' and per.estado=1
2022-10-02 18:42:58 [ip] ::1 [text] buscar apertura cierre
2022-10-02 18:42:58 [ip] ::1 [text] select apertura: SELECT * FROM `aper_cie` WHERE cod_usu=1 and fecha_cie is null
2022-10-02 18:42:58 [ip] ::1 [text] SQL PermisosMenu:SELECT item.url
    ,item.descripccion as item
    FROM permisomenu per
    INNER JOIN menuitem item on item.id=per.idorden
    INNER JOIN menu menu on menu.id=item.id_menu
    where per.cod_perfil_usu='1' and menu.id='1' and per.estado=1
2022-10-02 18:42:58 [ip] ::1 [text] SQL PermisosMenu:SELECT item.url
    ,item.descripccion as item
    FROM permisomenu per
    INNER JOIN menuitem item on item.id=per.idorden
    INNER JOIN menu menu on menu.id=item.id_menu
    where per.cod_perfil_usu='1' and menu.id='3' and per.estado=1
2022-10-02 18:42:58 [ip] ::1 [text] SQL PermisosMenu:SELECT item.url
    ,item.descripccion as item
    FROM permisomenu per
    INNER JOIN menuitem item on item.id=per.idorden
    INNER JOIN menu menu on menu.id=item.id_menu
    where per.cod_perfil_usu='1' and menu.id='4' and per.estado=1
2022-10-02 18:54:03 [ip] ::1 [text] buscar apertura cierre
2022-10-02 18:54:03 [ip] ::1 [text] select apertura: SELECT * FROM `aper_cie` WHERE cod_usu=1 and fecha_cie is null
2022-10-02 18:54:03 [ip] ::1 [text] SQL PermisosMenu:SELECT item.url
    ,item.descripccion as item
    FROM permisomenu per
    INNER JOIN menuitem item on item.id=per.idorden
    INNER JOIN menu menu on menu.id=item.id_menu
    where per.cod_perfil_usu='1' and menu.id='1' and per.estado=1
2022-10-02 18:54:03 [ip] ::1 [text] SQL PermisosMenu:SELECT item.url
    ,item.descripccion as item
    FROM permisomenu per
    INNER JOIN menuitem item on item.id=per.idorden
    INNER JOIN menu menu on menu.id=item.id_menu
    where per.cod_perfil_usu='1' and menu.id='3' and per.estado=1
2022-10-02 18:54:03 [ip] ::1 [text] SQL PermisosMenu:SELECT item.url
    ,item.descripccion as item
    FROM permisomenu per
    INNER JOIN menuitem item on item.id=per.idorden
    INNER JOIN menu menu on menu.id=item.id_menu
    where per.cod_perfil_usu='1' and menu.id='4' and per.estado=1
