2022-03-10 15:33:05 [ip] ::1 [text] Inciando Sesion
2022-03-10 15:33:05 [ip] ::1 [text] Datos Recibidos:
2022-03-10 15:33:05 [ip] ::1 [text] Usuario: gmarecos
2022-03-10 15:33:05 [ip] ::1 [text] Password: 1234
2022-03-10 15:33:05 [ip] ::1 [text] SQL ACCESO:SELECT cod_emple, cod_perfil_usu, cod_usu FROM usuario WHERE usuario ='gmarecos' and clave ='1234'
2022-03-10 15:33:05 [ip] ::1 [text] El usuario gmarecos Se ha Logueado xdxd
2022-03-10 15:33:05 [ip] ::1 [text] Fin Session
2022-03-10 15:33:06 [ip] ::1 [text] entrando a caso 2
2022-03-10 15:33:06 [ip] ::1 [text] buscar apertura cierre
2022-03-10 15:33:06 [ip] ::1 [text] select apertura: SELECT * FROM `aper_cie` WHERE cod_usu=1 and fecha_cie is null
2022-03-10 15:33:06 [ip] ::1 [text] obteniendo cajas
2022-03-10 15:33:06 [ip] ::1 [text] buscar apertura cierre
2022-03-10 15:33:06 [ip] ::1 [text] select apertura: SELECT * FROM `aper_cie` WHERE cod_usu=1 and fecha_cie is null
2022-03-10 15:33:06 [ip] ::1 [text] SQL PermisosMenu:SELECT item.url
    ,item.descripccion as item
    FROM permisomenu per
    INNER JOIN menuitem item on item.id=per.idorden
    INNER JOIN menu menu on menu.id=item.id_menu
    where per.cod_perfil_usu='1' and menu.id='1' and per.estado=1
2022-03-10 15:33:06 [ip] ::1 [text] SQL PermisosMenu:SELECT item.url
    ,item.descripccion as item
    FROM permisomenu per
    INNER JOIN menuitem item on item.id=per.idorden
    INNER JOIN menu menu on menu.id=item.id_menu
    where per.cod_perfil_usu='1' and menu.id='3' and per.estado=1
2022-03-10 15:33:06 [ip] ::1 [text] SQL PermisosMenu:SELECT item.url
    ,item.descripccion as item
    FROM permisomenu per
    INNER JOIN menuitem item on item.id=per.idorden
    INNER JOIN menu menu on menu.id=item.id_menu
    where per.cod_perfil_usu='1' and menu.id='3' and per.estado=1
2022-03-10 15:33:06 [ip] ::1 [text] SQL PermisosMenu:SELECT item.url
    ,item.descripccion as item
    FROM permisomenu per
    INNER JOIN menuitem item on item.id=per.idorden
    INNER JOIN menu menu on menu.id=item.id_menu
    where per.cod_perfil_usu='1' and menu.id='4' and per.estado=1
2022-03-10 15:40:46 [ip] ::1 [text] buscar apertura cierre
2022-03-10 15:40:46 [ip] ::1 [text] select apertura: SELECT * FROM `aper_cie` WHERE cod_usu=1 and fecha_cie is null
2022-03-10 15:40:46 [ip] ::1 [text] SQL PermisosMenu:SELECT item.url
    ,item.descripccion as item
    FROM permisomenu per
    INNER JOIN menuitem item on item.id=per.idorden
    INNER JOIN menu menu on menu.id=item.id_menu
    where per.cod_perfil_usu='1' and menu.id='1' and per.estado=1
2022-03-10 15:40:46 [ip] ::1 [text] SQL PermisosMenu:SELECT item.url
    ,item.descripccion as item
    FROM permisomenu per
    INNER JOIN menuitem item on item.id=per.idorden
    INNER JOIN menu menu on menu.id=item.id_menu
    where per.cod_perfil_usu='1' and menu.id='3' and per.estado=1
2022-03-10 15:40:46 [ip] ::1 [text] SQL PermisosMenu:SELECT item.url
    ,item.descripccion as item
    FROM permisomenu per
    INNER JOIN menuitem item on item.id=per.idorden
    INNER JOIN menu menu on menu.id=item.id_menu
    where per.cod_perfil_usu='1' and menu.id='4' and per.estado=1
2022-03-10 15:48:55 [ip] ::1 [text] buscar apertura cierre
2022-03-10 15:48:55 [ip] ::1 [text] select apertura: SELECT * FROM `aper_cie` WHERE cod_usu=1 and fecha_cie is null
2022-03-10 15:48:55 [ip] ::1 [text] SQL PermisosMenu:SELECT item.url
    ,item.descripccion as item
    FROM permisomenu per
    INNER JOIN menuitem item on item.id=per.idorden
    INNER JOIN menu menu on menu.id=item.id_menu
    where per.cod_perfil_usu='1' and menu.id='1' and per.estado=1
2022-03-10 15:48:55 [ip] ::1 [text] SQL PermisosMenu:SELECT item.url
    ,item.descripccion as item
    FROM permisomenu per
    INNER JOIN menuitem item on item.id=per.idorden
    INNER JOIN menu menu on menu.id=item.id_menu
    where per.cod_perfil_usu='1' and menu.id='3' and per.estado=1
2022-03-10 15:48:55 [ip] ::1 [text] SQL PermisosMenu:SELECT item.url
    ,item.descripccion as item
    FROM permisomenu per
    INNER JOIN menuitem item on item.id=per.idorden
    INNER JOIN menu menu on menu.id=item.id_menu
    where per.cod_perfil_usu='1' and menu.id='4' and per.estado=1
2022-03-10 15:52:43 [ip] ::1 [text] buscar apertura cierre
2022-03-10 15:52:43 [ip] ::1 [text] select apertura: SELECT * FROM `aper_cie` WHERE cod_usu=1 and fecha_cie is null
2022-03-10 15:52:43 [ip] ::1 [text] SQL PermisosMenu:SELECT item.url
    ,item.descripccion as item
    FROM permisomenu per
    INNER JOIN menuitem item on item.id=per.idorden
    INNER JOIN menu menu on menu.id=item.id_menu
    where per.cod_perfil_usu='1' and menu.id='1' and per.estado=1
2022-03-10 15:52:43 [ip] ::1 [text] SQL PermisosMenu:SELECT item.url
    ,item.descripccion as item
    FROM permisomenu per
    INNER JOIN menuitem item on item.id=per.idorden
    INNER JOIN menu menu on menu.id=item.id_menu
    where per.cod_perfil_usu='1' and menu.id='3' and per.estado=1
2022-03-10 15:52:43 [ip] ::1 [text] SQL PermisosMenu:SELECT item.url
    ,item.descripccion as item
    FROM permisomenu per
    INNER JOIN menuitem item on item.id=per.idorden
    INNER JOIN menu menu on menu.id=item.id_menu
    where per.cod_perfil_usu='1' and menu.id='4' and per.estado=1
2022-03-10 16:23:26 [ip] ::1 [text] buscar apertura cierre
2022-03-10 16:23:26 [ip] ::1 [text] select apertura: SELECT * FROM `aper_cie` WHERE cod_usu=1 and fecha_cie is null
2022-03-10 16:23:26 [ip] ::1 [text] SQL PermisosMenu:SELECT item.url
    ,item.descripccion as item
    FROM permisomenu per
    INNER JOIN menuitem item on item.id=per.idorden
    INNER JOIN menu menu on menu.id=item.id_menu
    where per.cod_perfil_usu='1' and menu.id='1' and per.estado=1
2022-03-10 16:23:26 [ip] ::1 [text] SQL PermisosMenu:SELECT item.url
    ,item.descripccion as item
    FROM permisomenu per
    INNER JOIN menuitem item on item.id=per.idorden
    INNER JOIN menu menu on menu.id=item.id_menu
    where per.cod_perfil_usu='1' and menu.id='3' and per.estado=1
2022-03-10 16:23:26 [ip] ::1 [text] SQL PermisosMenu:SELECT item.url
    ,item.descripccion as item
    FROM permisomenu per
    INNER JOIN menuitem item on item.id=per.idorden
    INNER JOIN menu menu on menu.id=item.id_menu
    where per.cod_perfil_usu='1' and menu.id='4' and per.estado=1
2022-03-10 16:24:11 [ip] ::1 [text] buscar apertura cierre
2022-03-10 16:24:11 [ip] ::1 [text] select apertura: SELECT * FROM `aper_cie` WHERE cod_usu=1 and fecha_cie is null
2022-03-10 16:24:11 [ip] ::1 [text] SQL PermisosMenu:SELECT item.url
    ,item.descripccion as item
    FROM permisomenu per
    INNER JOIN menuitem item on item.id=per.idorden
    INNER JOIN menu menu on menu.id=item.id_menu
    where per.cod_perfil_usu='1' and menu.id='1' and per.estado=1
2022-03-10 16:24:11 [ip] ::1 [text] SQL PermisosMenu:SELECT item.url
    ,item.descripccion as item
    FROM permisomenu per
    INNER JOIN menuitem item on item.id=per.idorden
    INNER JOIN menu menu on menu.id=item.id_menu
    where per.cod_perfil_usu='1' and menu.id='3' and per.estado=1
2022-03-10 16:24:11 [ip] ::1 [text] SQL PermisosMenu:SELECT item.url
    ,item.descripccion as item
    FROM permisomenu per
    INNER JOIN menuitem item on item.id=per.idorden
    INNER JOIN menu menu on menu.id=item.id_menu
    where per.cod_perfil_usu='1' and menu.id='4' and per.estado=1
2022-03-10 16:25:14 [ip] ::1 [text] buscar apertura cierre
2022-03-10 16:25:14 [ip] ::1 [text] select apertura: SELECT * FROM `aper_cie` WHERE cod_usu=1 and fecha_cie is null
2022-03-10 16:25:14 [ip] ::1 [text] SQL PermisosMenu:SELECT item.url
    ,item.descripccion as item
    FROM permisomenu per
    INNER JOIN menuitem item on item.id=per.idorden
    INNER JOIN menu menu on menu.id=item.id_menu
    where per.cod_perfil_usu='1' and menu.id='1' and per.estado=1
2022-03-10 16:25:14 [ip] ::1 [text] SQL PermisosMenu:SELECT item.url
    ,item.descripccion as item
    FROM permisomenu per
    INNER JOIN menuitem item on item.id=per.idorden
    INNER JOIN menu menu on menu.id=item.id_menu
    where per.cod_perfil_usu='1' and menu.id='3' and per.estado=1
2022-03-10 16:25:14 [ip] ::1 [text] SQL PermisosMenu:SELECT item.url
    ,item.descripccion as item
    FROM permisomenu per
    INNER JOIN menuitem item on item.id=per.idorden
    INNER JOIN menu menu on menu.id=item.id_menu
    where per.cod_perfil_usu='1' and menu.id='4' and per.estado=1
2022-03-10 16:26:23 [ip] ::1 [text] buscar apertura cierre
2022-03-10 16:26:23 [ip] ::1 [text] select apertura: SELECT * FROM `aper_cie` WHERE cod_usu=1 and fecha_cie is null
2022-03-10 16:26:23 [ip] ::1 [text] SQL PermisosMenu:SELECT item.url
    ,item.descripccion as item
    FROM permisomenu per
    INNER JOIN menuitem item on item.id=per.idorden
    INNER JOIN menu menu on menu.id=item.id_menu
    where per.cod_perfil_usu='1' and menu.id='1' and per.estado=1
2022-03-10 16:26:23 [ip] ::1 [text] SQL PermisosMenu:SELECT item.url
    ,item.descripccion as item
    FROM permisomenu per
    INNER JOIN menuitem item on item.id=per.idorden
    INNER JOIN menu menu on menu.id=item.id_menu
    where per.cod_perfil_usu='1' and menu.id='3' and per.estado=1
2022-03-10 16:26:23 [ip] ::1 [text] SQL PermisosMenu:SELECT item.url
    ,item.descripccion as item
    FROM permisomenu per
    INNER JOIN menuitem item on item.id=per.idorden
    INNER JOIN menu menu on menu.id=item.id_menu
    where per.cod_perfil_usu='1' and menu.id='4' and per.estado=1
2022-03-10 16:26:28 [ip] ::1 [text] SQL per:SELECT `cod_perfil_usu`, `descrip` FROM `perfil_usuario`
2022-03-10 16:46:31 [ip] ::1 [text] buscar apertura cierre
2022-03-10 16:46:31 [ip] ::1 [text] select apertura: SELECT * FROM `aper_cie` WHERE cod_usu=1 and fecha_cie is null
2022-03-10 16:46:31 [ip] ::1 [text] SQL PermisosMenu:SELECT item.url
    ,item.descripccion as item
    FROM permisomenu per
    INNER JOIN menuitem item on item.id=per.idorden
    INNER JOIN menu menu on menu.id=item.id_menu
    where per.cod_perfil_usu='1' and menu.id='1' and per.estado=1
2022-03-10 16:46:31 [ip] ::1 [text] SQL PermisosMenu:SELECT item.url
    ,item.descripccion as item
    FROM permisomenu per
    INNER JOIN menuitem item on item.id=per.idorden
    INNER JOIN menu menu on menu.id=item.id_menu
    where per.cod_perfil_usu='1' and menu.id='3' and per.estado=1
2022-03-10 16:46:31 [ip] ::1 [text] SQL PermisosMenu:SELECT item.url
    ,item.descripccion as item
    FROM permisomenu per
    INNER JOIN menuitem item on item.id=per.idorden
    INNER JOIN menu menu on menu.id=item.id_menu
    where per.cod_perfil_usu='1' and menu.id='4' and per.estado=1
2022-03-10 16:46:36 [ip] ::1 [text] SQL per:SELECT `cod_perfil_usu`, `descrip` FROM `perfil_usuario`
2022-03-10 16:46:36 [ip] ::1 [text] antes del while
2022-03-10 16:46:51 [ip] ::1 [text] buscar apertura cierre
2022-03-10 16:46:51 [ip] ::1 [text] select apertura: SELECT * FROM `aper_cie` WHERE cod_usu=1 and fecha_cie is null
2022-03-10 16:46:51 [ip] ::1 [text] SQL PermisosMenu:SELECT item.url
    ,item.descripccion as item
    FROM permisomenu per
    INNER JOIN menuitem item on item.id=per.idorden
    INNER JOIN menu menu on menu.id=item.id_menu
    where per.cod_perfil_usu='1' and menu.id='1' and per.estado=1
2022-03-10 16:46:51 [ip] ::1 [text] SQL PermisosMenu:SELECT item.url
    ,item.descripccion as item
    FROM permisomenu per
    INNER JOIN menuitem item on item.id=per.idorden
    INNER JOIN menu menu on menu.id=item.id_menu
    where per.cod_perfil_usu='1' and menu.id='3' and per.estado=1
2022-03-10 16:46:51 [ip] ::1 [text] SQL PermisosMenu:SELECT item.url
    ,item.descripccion as item
    FROM permisomenu per
    INNER JOIN menuitem item on item.id=per.idorden
    INNER JOIN menu menu on menu.id=item.id_menu
    where per.cod_perfil_usu='1' and menu.id='4' and per.estado=1
2022-03-10 16:46:57 [ip] ::1 [text] SQL per:SELECT `cod_perfil_usu`, `descrip` FROM `perfil_usuario`
2022-03-10 16:46:57 [ip] ::1 [text] antes del while
