2023-04-11 11:29:14 [ip] ::1 [text] buscar apertura cierre
2023-04-11 11:29:14 [ip] ::1 [text] select apertura: SELECT * FROM `aper_cie` WHERE cod_usu=1 and fecha_cie is null
2023-04-11 11:29:14 [ip] ::1 [text] SQL PermisosMenu:SELECT item.url
    ,item.descripccion as item
    FROM permisomenu per
    INNER JOIN menuitem item on item.id=per.idorden
    INNER JOIN menu menu on menu.id=item.id_menu
    where per.cod_perfil_usu='1' and menu.id='1' and per.estado=1
2023-04-11 11:29:14 [ip] ::1 [text] SQL PermisosMenu:SELECT item.url
    ,item.descripccion as item
    FROM permisomenu per
    INNER JOIN menuitem item on item.id=per.idorden
    INNER JOIN menu menu on menu.id=item.id_menu
    where per.cod_perfil_usu='1' and menu.id='3' and per.estado=1
2023-04-11 11:29:14 [ip] ::1 [text] SQL PermisosMenu:SELECT item.url
    ,item.descripccion as item
    FROM permisomenu per
    INNER JOIN menuitem item on item.id=per.idorden
    INNER JOIN menu menu on menu.id=item.id_menu
    where per.cod_perfil_usu='1' and menu.id='4' and per.estado=1
2023-04-11 11:38:49 [ip] ::1 [text] buscar apertura cierre
2023-04-11 11:38:49 [ip] ::1 [text] select apertura: SELECT * FROM `aper_cie` WHERE cod_usu=1 and fecha_cie is null
2023-04-11 11:38:49 [ip] ::1 [text] SQL PermisosMenu:SELECT item.url
    ,item.descripccion as item
    FROM permisomenu per
    INNER JOIN menuitem item on item.id=per.idorden
    INNER JOIN menu menu on menu.id=item.id_menu
    where per.cod_perfil_usu='1' and menu.id='1' and per.estado=1
2023-04-11 11:38:49 [ip] ::1 [text] SQL PermisosMenu:SELECT item.url
    ,item.descripccion as item
    FROM permisomenu per
    INNER JOIN menuitem item on item.id=per.idorden
    INNER JOIN menu menu on menu.id=item.id_menu
    where per.cod_perfil_usu='1' and menu.id='3' and per.estado=1
2023-04-11 11:38:49 [ip] ::1 [text] SQL PermisosMenu:SELECT item.url
    ,item.descripccion as item
    FROM permisomenu per
    INNER JOIN menuitem item on item.id=per.idorden
    INNER JOIN menu menu on menu.id=item.id_menu
    where per.cod_perfil_usu='1' and menu.id='4' and per.estado=1
2023-04-11 11:38:52 [ip] ::1 [text] buscar apertura cierre
2023-04-11 11:38:52 [ip] ::1 [text] select apertura: SELECT * FROM `aper_cie` WHERE cod_usu=1 and fecha_cie is null
2023-04-11 11:38:52 [ip] ::1 [text] SQL PermisosMenu:SELECT item.url
    ,item.descripccion as item
    FROM permisomenu per
    INNER JOIN menuitem item on item.id=per.idorden
    INNER JOIN menu menu on menu.id=item.id_menu
    where per.cod_perfil_usu='1' and menu.id='1' and per.estado=1
2023-04-11 11:38:52 [ip] ::1 [text] SQL PermisosMenu:SELECT item.url
    ,item.descripccion as item
    FROM permisomenu per
    INNER JOIN menuitem item on item.id=per.idorden
    INNER JOIN menu menu on menu.id=item.id_menu
    where per.cod_perfil_usu='1' and menu.id='3' and per.estado=1
2023-04-11 11:38:52 [ip] ::1 [text] SQL PermisosMenu:SELECT item.url
    ,item.descripccion as item
    FROM permisomenu per
    INNER JOIN menuitem item on item.id=per.idorden
    INNER JOIN menu menu on menu.id=item.id_menu
    where per.cod_perfil_usu='1' and menu.id='4' and per.estado=1
2023-04-11 11:44:25 [ip] ::1 [text] buscar apertura cierre
2023-04-11 11:44:25 [ip] ::1 [text] select apertura: SELECT * FROM `aper_cie` WHERE cod_usu=1 and fecha_cie is null
2023-04-11 11:44:25 [ip] ::1 [text] SQL PermisosMenu:SELECT item.url
    ,item.descripccion as item
    FROM permisomenu per
    INNER JOIN menuitem item on item.id=per.idorden
    INNER JOIN menu menu on menu.id=item.id_menu
    where per.cod_perfil_usu='1' and menu.id='1' and per.estado=1
2023-04-11 11:44:25 [ip] ::1 [text] SQL PermisosMenu:SELECT item.url
    ,item.descripccion as item
    FROM permisomenu per
    INNER JOIN menuitem item on item.id=per.idorden
    INNER JOIN menu menu on menu.id=item.id_menu
    where per.cod_perfil_usu='1' and menu.id='3' and per.estado=1
2023-04-11 11:44:25 [ip] ::1 [text] SQL PermisosMenu:SELECT item.url
    ,item.descripccion as item
    FROM permisomenu per
    INNER JOIN menuitem item on item.id=per.idorden
    INNER JOIN menu menu on menu.id=item.id_menu
    where per.cod_perfil_usu='1' and menu.id='4' and per.estado=1
2023-04-11 11:51:41 [ip] ::1 [text] buscar apertura cierre
2023-04-11 11:51:41 [ip] ::1 [text] select apertura: SELECT * FROM `aper_cie` WHERE cod_usu=1 and fecha_cie is null
2023-04-11 11:51:41 [ip] ::1 [text] SQL PermisosMenu:SELECT item.url
    ,item.descripccion as item
    FROM permisomenu per
    INNER JOIN menuitem item on item.id=per.idorden
    INNER JOIN menu menu on menu.id=item.id_menu
    where per.cod_perfil_usu='1' and menu.id='1' and per.estado=1
2023-04-11 11:51:41 [ip] ::1 [text] SQL PermisosMenu:SELECT item.url
    ,item.descripccion as item
    FROM permisomenu per
    INNER JOIN menuitem item on item.id=per.idorden
    INNER JOIN menu menu on menu.id=item.id_menu
    where per.cod_perfil_usu='1' and menu.id='3' and per.estado=1
2023-04-11 11:51:41 [ip] ::1 [text] SQL PermisosMenu:SELECT item.url
    ,item.descripccion as item
    FROM permisomenu per
    INNER JOIN menuitem item on item.id=per.idorden
    INNER JOIN menu menu on menu.id=item.id_menu
    where per.cod_perfil_usu='1' and menu.id='4' and per.estado=1
2023-04-11 11:54:39 [ip] ::1 [text] buscar apertura cierre
2023-04-11 11:54:39 [ip] ::1 [text] select apertura: SELECT * FROM `aper_cie` WHERE cod_usu=1 and fecha_cie is null
2023-04-11 11:54:39 [ip] ::1 [text] SQL PermisosMenu:SELECT item.url
    ,item.descripccion as item
    FROM permisomenu per
    INNER JOIN menuitem item on item.id=per.idorden
    INNER JOIN menu menu on menu.id=item.id_menu
    where per.cod_perfil_usu='1' and menu.id='1' and per.estado=1
2023-04-11 11:54:39 [ip] ::1 [text] SQL PermisosMenu:SELECT item.url
    ,item.descripccion as item
    FROM permisomenu per
    INNER JOIN menuitem item on item.id=per.idorden
    INNER JOIN menu menu on menu.id=item.id_menu
    where per.cod_perfil_usu='1' and menu.id='3' and per.estado=1
2023-04-11 11:54:39 [ip] ::1 [text] SQL PermisosMenu:SELECT item.url
    ,item.descripccion as item
    FROM permisomenu per
    INNER JOIN menuitem item on item.id=per.idorden
    INNER JOIN menu menu on menu.id=item.id_menu
    where per.cod_perfil_usu='1' and menu.id='4' and per.estado=1
2023-04-11 11:58:24 [ip] ::1 [text] buscar apertura cierre
2023-04-11 11:58:24 [ip] ::1 [text] select apertura: SELECT * FROM `aper_cie` WHERE cod_usu=1 and fecha_cie is null
2023-04-11 11:58:24 [ip] ::1 [text] SQL PermisosMenu:SELECT item.url
    ,item.descripccion as item
    FROM permisomenu per
    INNER JOIN menuitem item on item.id=per.idorden
    INNER JOIN menu menu on menu.id=item.id_menu
    where per.cod_perfil_usu='1' and menu.id='1' and per.estado=1
2023-04-11 11:58:24 [ip] ::1 [text] SQL PermisosMenu:SELECT item.url
    ,item.descripccion as item
    FROM permisomenu per
    INNER JOIN menuitem item on item.id=per.idorden
    INNER JOIN menu menu on menu.id=item.id_menu
    where per.cod_perfil_usu='1' and menu.id='3' and per.estado=1
2023-04-11 11:58:24 [ip] ::1 [text] SQL PermisosMenu:SELECT item.url
    ,item.descripccion as item
    FROM permisomenu per
    INNER JOIN menuitem item on item.id=per.idorden
    INNER JOIN menu menu on menu.id=item.id_menu
    where per.cod_perfil_usu='1' and menu.id='4' and per.estado=1
2023-04-11 11:58:25 [ip] ::1 [text] buscar apertura cierre
2023-04-11 11:58:25 [ip] ::1 [text] select apertura: SELECT * FROM `aper_cie` WHERE cod_usu=1 and fecha_cie is null
2023-04-11 11:58:25 [ip] ::1 [text] SQL PermisosMenu:SELECT item.url
    ,item.descripccion as item
    FROM permisomenu per
    INNER JOIN menuitem item on item.id=per.idorden
    INNER JOIN menu menu on menu.id=item.id_menu
    where per.cod_perfil_usu='1' and menu.id='1' and per.estado=1
2023-04-11 11:58:25 [ip] ::1 [text] SQL PermisosMenu:SELECT item.url
    ,item.descripccion as item
    FROM permisomenu per
    INNER JOIN menuitem item on item.id=per.idorden
    INNER JOIN menu menu on menu.id=item.id_menu
    where per.cod_perfil_usu='1' and menu.id='3' and per.estado=1
2023-04-11 11:58:25 [ip] ::1 [text] SQL PermisosMenu:SELECT item.url
    ,item.descripccion as item
    FROM permisomenu per
    INNER JOIN menuitem item on item.id=per.idorden
    INNER JOIN menu menu on menu.id=item.id_menu
    where per.cod_perfil_usu='1' and menu.id='4' and per.estado=1
2023-04-11 11:58:25 [ip] ::1 [text] buscar apertura cierre
2023-04-11 11:58:25 [ip] ::1 [text] select apertura: SELECT * FROM `aper_cie` WHERE cod_usu=1 and fecha_cie is null
2023-04-11 11:58:25 [ip] ::1 [text] SQL PermisosMenu:SELECT item.url
    ,item.descripccion as item
    FROM permisomenu per
    INNER JOIN menuitem item on item.id=per.idorden
    INNER JOIN menu menu on menu.id=item.id_menu
    where per.cod_perfil_usu='1' and menu.id='1' and per.estado=1
2023-04-11 11:58:25 [ip] ::1 [text] SQL PermisosMenu:SELECT item.url
    ,item.descripccion as item
    FROM permisomenu per
    INNER JOIN menuitem item on item.id=per.idorden
    INNER JOIN menu menu on menu.id=item.id_menu
    where per.cod_perfil_usu='1' and menu.id='3' and per.estado=1
2023-04-11 11:58:25 [ip] ::1 [text] SQL PermisosMenu:SELECT item.url
    ,item.descripccion as item
    FROM permisomenu per
    INNER JOIN menuitem item on item.id=per.idorden
    INNER JOIN menu menu on menu.id=item.id_menu
    where per.cod_perfil_usu='1' and menu.id='4' and per.estado=1
2023-04-11 11:58:26 [ip] ::1 [text] buscar apertura cierre
2023-04-11 11:58:26 [ip] ::1 [text] select apertura: SELECT * FROM `aper_cie` WHERE cod_usu=1 and fecha_cie is null
2023-04-11 11:58:26 [ip] ::1 [text] SQL PermisosMenu:SELECT item.url
    ,item.descripccion as item
    FROM permisomenu per
    INNER JOIN menuitem item on item.id=per.idorden
    INNER JOIN menu menu on menu.id=item.id_menu
    where per.cod_perfil_usu='1' and menu.id='1' and per.estado=1
2023-04-11 11:58:26 [ip] ::1 [text] SQL PermisosMenu:SELECT item.url
    ,item.descripccion as item
    FROM permisomenu per
    INNER JOIN menuitem item on item.id=per.idorden
    INNER JOIN menu menu on menu.id=item.id_menu
    where per.cod_perfil_usu='1' and menu.id='3' and per.estado=1
2023-04-11 11:58:26 [ip] ::1 [text] SQL PermisosMenu:SELECT item.url
    ,item.descripccion as item
    FROM permisomenu per
    INNER JOIN menuitem item on item.id=per.idorden
    INNER JOIN menu menu on menu.id=item.id_menu
    where per.cod_perfil_usu='1' and menu.id='4' and per.estado=1
