2022-05-19 14:54:50 [ip] ::1 [text] Inciando Sesion
2022-05-19 14:54:50 [ip] ::1 [text] Datos Recibidos:
2022-05-19 14:54:50 [ip] ::1 [text] Usuario: gmarecos
2022-05-19 14:54:50 [ip] ::1 [text] Password: 1234
2022-05-19 14:54:50 [ip] ::1 [text] SQL ACCESO:SELECT cod_emple, cod_perfil_usu, cod_usu FROM usuario WHERE usuario ='gmarecos' and clave ='1234'
2022-05-19 14:54:50 [ip] ::1 [text] El usuario gmarecos Se ha Logueado xdxd
2022-05-19 14:54:50 [ip] ::1 [text] Fin Session
2022-05-19 14:54:50 [ip] ::1 [text] buscar apertura cierre
2022-05-19 14:54:50 [ip] ::1 [text] select apertura: SELECT * FROM `aper_cie` WHERE cod_usu=1 and fecha_cie is null
2022-05-19 14:54:50 [ip] ::1 [text] SQL PermisosMenu:SELECT item.url
    ,item.descripccion as item
    FROM permisomenu per
    INNER JOIN menuitem item on item.id=per.idorden
    INNER JOIN menu menu on menu.id=item.id_menu
    where per.cod_perfil_usu='1' and menu.id='1' and per.estado=1
2022-05-19 14:54:50 [ip] ::1 [text] SQL PermisosMenu:SELECT item.url
    ,item.descripccion as item
    FROM permisomenu per
    INNER JOIN menuitem item on item.id=per.idorden
    INNER JOIN menu menu on menu.id=item.id_menu
    where per.cod_perfil_usu='1' and menu.id='3' and per.estado=1
2022-05-19 14:54:50 [ip] ::1 [text] SQL PermisosMenu:SELECT item.url
    ,item.descripccion as item
    FROM permisomenu per
    INNER JOIN menuitem item on item.id=per.idorden
    INNER JOIN menu menu on menu.id=item.id_menu
    where per.cod_perfil_usu='1' and menu.id='4' and per.estado=1
2022-05-19 14:54:50 [ip] ::1 [text] entrando a caso 2
2022-05-19 14:54:50 [ip] ::1 [text] obteniendo cajas
2022-05-19 14:54:51 [ip] ::1 [text] buscar apertura cierre
2022-05-19 14:54:51 [ip] ::1 [text] select apertura: SELECT * FROM `aper_cie` WHERE cod_usu=1 and fecha_cie is null
2022-05-19 14:54:51 [ip] ::1 [text] SQL PermisosMenu:SELECT item.url
    ,item.descripccion as item
    FROM permisomenu per
    INNER JOIN menuitem item on item.id=per.idorden
    INNER JOIN menu menu on menu.id=item.id_menu
    where per.cod_perfil_usu='1' and menu.id='1' and per.estado=1
2022-05-19 14:54:51 [ip] ::1 [text] SQL PermisosMenu:SELECT item.url
    ,item.descripccion as item
    FROM permisomenu per
    INNER JOIN menuitem item on item.id=per.idorden
    INNER JOIN menu menu on menu.id=item.id_menu
    where per.cod_perfil_usu='1' and menu.id='3' and per.estado=1
2022-05-19 14:54:51 [ip] ::1 [text] SQL PermisosMenu:SELECT item.url
    ,item.descripccion as item
    FROM permisomenu per
    INNER JOIN menuitem item on item.id=per.idorden
    INNER JOIN menu menu on menu.id=item.id_menu
    where per.cod_perfil_usu='1' and menu.id='4' and per.estado=1
2022-05-19 14:55:01 [ip] ::1 [text] SQL per:SELECT `cod_perfil_usu`, `descrip_perfil` FROM `perfil_usuario`
2022-05-19 15:25:28 [ip] ::1 [text] SQL per:SELECT `cod_perfil_usu`, `descrip_perfil` FROM `perfil_usuario`
2022-05-19 15:25:33 [ip] ::1 [text] SQL per:SELECT `cod_perfil_usu`, `descrip_perfil` FROM `perfil_usuario`
2022-05-19 15:29:19 [ip] ::1 [text] SQL per:SELECT `cod_perfil_usu`, `descrip_perfil` FROM `perfil_usuario`
2022-05-19 15:29:24 [ip] ::1 [text] SQL per:SELECT `cod_perfil_usu`, `descrip_perfil` FROM `perfil_usuario`
2022-05-19 15:29:27 [ip] ::1 [text] buscar apertura cierre
2022-05-19 15:29:27 [ip] ::1 [text] select apertura: SELECT * FROM `aper_cie` WHERE cod_usu=1 and fecha_cie is null
2022-05-19 15:29:27 [ip] ::1 [text] SQL PermisosMenu:SELECT item.url
    ,item.descripccion as item
    FROM permisomenu per
    INNER JOIN menuitem item on item.id=per.idorden
    INNER JOIN menu menu on menu.id=item.id_menu
    where per.cod_perfil_usu='1' and menu.id='1' and per.estado=1
2022-05-19 15:29:27 [ip] ::1 [text] SQL PermisosMenu:SELECT item.url
    ,item.descripccion as item
    FROM permisomenu per
    INNER JOIN menuitem item on item.id=per.idorden
    INNER JOIN menu menu on menu.id=item.id_menu
    where per.cod_perfil_usu='1' and menu.id='3' and per.estado=1
2022-05-19 15:29:27 [ip] ::1 [text] SQL PermisosMenu:SELECT item.url
    ,item.descripccion as item
    FROM permisomenu per
    INNER JOIN menuitem item on item.id=per.idorden
    INNER JOIN menu menu on menu.id=item.id_menu
    where per.cod_perfil_usu='1' and menu.id='4' and per.estado=1
2022-05-19 15:38:54 [ip] ::1 [text] SQL per:SELECT `cod_perfil_usu`, `descrip_perfil` FROM `perfil_usuario`
2022-05-19 15:39:03 [ip] ::1 [text] SQL per:SELECT `cod_perfil_usu`, `descrip_perfil` FROM `perfil_usuario`
2022-05-19 15:39:08 [ip] ::1 [text] SQL per:SELECT `cod_perfil_usu`, `descrip_perfil` FROM `perfil_usuario`
2022-05-19 15:39:20 [ip] ::1 [text] SQL per:SELECT `cod_perfil_usu`, `descrip_perfil` FROM `perfil_usuario`
2022-05-19 15:39:31 [ip] ::1 [text] SQL per:SELECT `cod_perfil_usu`, `descrip_perfil` FROM `perfil_usuario`
2022-05-19 15:39:38 [ip] ::1 [text] SQL per:SELECT `cod_perfil_usu`, `descrip_perfil` FROM `perfil_usuario`
